[2024-08-01T19:44:21.759+0000] {local_task_job_runner.py:120} INFO - ::group::Pre task execution logs
[2024-08-01T19:44:21.975+0000] {taskinstance.py:2076} INFO - Dependencies all met for dep_context=non-requeueable deps ti=<TaskInstance: example_bash_operator.runme_2 scheduled__2024-07-31T00:00:00+00:00 [queued]>
[2024-08-01T19:44:22.014+0000] {taskinstance.py:2076} INFO - Dependencies all met for dep_context=requeueable deps ti=<TaskInstance: example_bash_operator.runme_2 scheduled__2024-07-31T00:00:00+00:00 [queued]>
[2024-08-01T19:44:22.019+0000] {taskinstance.py:2306} INFO - Starting attempt 1 of 1
[2024-08-01T19:44:22.205+0000] {taskinstance.py:2330} INFO - Executing <Task(BashOperator): runme_2> on 2024-07-31 00:00:00+00:00
[2024-08-01T19:44:22.225+0000] {standard_task_runner.py:90} INFO - Running: ['***', 'tasks', 'run', 'example_bash_operator', 'runme_2', 'scheduled__2024-07-31T00:00:00+00:00', '--job-id', '9', '--raw', '--subdir', '/home/***/.local/lib/python3.12/site-packages/***/example_dags/example_bash_operator.py', '--cfg-path', '/tmp/tmpdezgof26']
[2024-08-01T19:44:22.230+0000] {standard_task_runner.py:91} INFO - Job 9: Subtask runme_2
[2024-08-01T19:44:22.252+0000] {logging_mixin.py:188} WARNING - /home/***/.local/lib/python3.12/site-packages/***/task/task_runner/standard_task_runner.py:62 DeprecationWarning: This process (pid=4126) is multi-threaded, use of fork() may lead to deadlocks in the child.
[2024-08-01T19:44:22.271+0000] {standard_task_runner.py:64} INFO - Started process 4173 to run task
[2024-08-01T19:44:22.691+0000] {task_command.py:426} INFO - Running <TaskInstance: example_bash_operator.runme_2 scheduled__2024-07-31T00:00:00+00:00 [running]> on host 8ab626c8e84f
[2024-08-01T19:44:23.225+0000] {taskinstance.py:2648} INFO - Exporting env vars: AIRFLOW_CTX_DAG_OWNER='***' AIRFLOW_CTX_DAG_ID='example_bash_operator' AIRFLOW_CTX_TASK_ID='runme_2' AIRFLOW_CTX_EXECUTION_DATE='2024-07-31T00:00:00+00:00' AIRFLOW_CTX_TRY_NUMBER='1' AIRFLOW_CTX_DAG_RUN_ID='scheduled__2024-07-31T00:00:00+00:00'
[2024-08-01T19:44:23.237+0000] {taskinstance.py:430} INFO - ::endgroup::
[2024-08-01T19:44:23.253+0000] {subprocess.py:63} INFO - Tmp dir root location: /tmp
[2024-08-01T19:44:23.255+0000] {subprocess.py:75} INFO - Running command: ['/usr/bin/bash', '-c', 'echo "example_bash_operator__runme_2__20240731" && sleep 1']
[2024-08-01T19:44:23.291+0000] {subprocess.py:86} INFO - Output:
[2024-08-01T19:44:23.293+0000] {subprocess.py:93} INFO - example_bash_operator__runme_2__20240731
[2024-08-01T19:44:24.296+0000] {subprocess.py:97} INFO - Command exited with return code 0
[2024-08-01T19:44:24.470+0000] {taskinstance.py:441} INFO - ::group::Post task execution logs
[2024-08-01T19:44:24.700+0000] {taskinstance.py:1206} INFO - Marking task as SUCCESS. dag_id=example_bash_operator, task_id=runme_2, run_id=scheduled__2024-07-31T00:00:00+00:00, execution_date=20240731T000000, start_date=20240801T194421, end_date=20240801T194424
[2024-08-01T19:44:25.093+0000] {local_task_job_runner.py:243} INFO - Task exited with return code 0
[2024-08-01T19:44:25.113+0000] {local_task_job_runner.py:222} INFO - ::endgroup::
