[2024-08-01T19:44:21.976+0000] {local_task_job_runner.py:120} INFO - ::group::Pre task execution logs
[2024-08-01T19:44:22.164+0000] {taskinstance.py:2076} INFO - Dependencies all met for dep_context=non-requeueable deps ti=<TaskInstance: example_bash_operator.runme_1 scheduled__2024-07-31T00:00:00+00:00 [queued]>
[2024-08-01T19:44:22.199+0000] {taskinstance.py:2076} INFO - Dependencies all met for dep_context=requeueable deps ti=<TaskInstance: example_bash_operator.runme_1 scheduled__2024-07-31T00:00:00+00:00 [queued]>
[2024-08-01T19:44:22.202+0000] {taskinstance.py:2306} INFO - Starting attempt 1 of 1
[2024-08-01T19:44:22.498+0000] {taskinstance.py:2330} INFO - Executing <Task(BashOperator): runme_1> on 2024-07-31 00:00:00+00:00
[2024-08-01T19:44:22.516+0000] {standard_task_runner.py:90} INFO - Running: ['***', 'tasks', 'run', 'example_bash_operator', 'runme_1', 'scheduled__2024-07-31T00:00:00+00:00', '--job-id', '11', '--raw', '--subdir', '/home/***/.local/lib/python3.12/site-packages/***/example_dags/example_bash_operator.py', '--cfg-path', '/tmp/tmpmvyq7whh']
[2024-08-01T19:44:22.522+0000] {standard_task_runner.py:91} INFO - Job 11: Subtask runme_1
[2024-08-01T19:44:22.523+0000] {logging_mixin.py:188} WARNING - /home/***/.local/lib/python3.12/site-packages/***/task/task_runner/standard_task_runner.py:62 DeprecationWarning: This process (pid=4123) is multi-threaded, use of fork() may lead to deadlocks in the child.
[2024-08-01T19:44:22.525+0000] {standard_task_runner.py:64} INFO - Started process 4175 to run task
[2024-08-01T19:44:22.801+0000] {task_command.py:426} INFO - Running <TaskInstance: example_bash_operator.runme_1 scheduled__2024-07-31T00:00:00+00:00 [running]> on host 8ab626c8e84f
[2024-08-01T19:44:23.620+0000] {taskinstance.py:2648} INFO - Exporting env vars: AIRFLOW_CTX_DAG_OWNER='***' AIRFLOW_CTX_DAG_ID='example_bash_operator' AIRFLOW_CTX_TASK_ID='runme_1' AIRFLOW_CTX_EXECUTION_DATE='2024-07-31T00:00:00+00:00' AIRFLOW_CTX_TRY_NUMBER='1' AIRFLOW_CTX_DAG_RUN_ID='scheduled__2024-07-31T00:00:00+00:00'
[2024-08-01T19:44:23.637+0000] {taskinstance.py:430} INFO - ::endgroup::
[2024-08-01T19:44:23.649+0000] {subprocess.py:63} INFO - Tmp dir root location: /tmp
[2024-08-01T19:44:23.653+0000] {subprocess.py:75} INFO - Running command: ['/usr/bin/bash', '-c', 'echo "example_bash_operator__runme_1__20240731" && sleep 1']
[2024-08-01T19:44:23.706+0000] {subprocess.py:86} INFO - Output:
[2024-08-01T19:44:23.719+0000] {subprocess.py:93} INFO - example_bash_operator__runme_1__20240731
[2024-08-01T19:44:24.730+0000] {subprocess.py:97} INFO - Command exited with return code 0
[2024-08-01T19:44:24.759+0000] {taskinstance.py:441} INFO - ::group::Post task execution logs
[2024-08-01T19:44:24.927+0000] {taskinstance.py:1206} INFO - Marking task as SUCCESS. dag_id=example_bash_operator, task_id=runme_1, run_id=scheduled__2024-07-31T00:00:00+00:00, execution_date=20240731T000000, start_date=20240801T194422, end_date=20240801T194424
[2024-08-01T19:44:25.380+0000] {local_task_job_runner.py:243} INFO - Task exited with return code 0
[2024-08-01T19:44:25.430+0000] {taskinstance.py:3503} INFO - 1 downstream tasks scheduled from follow-on schedule check
[2024-08-01T19:44:25.701+0000] {local_task_job_runner.py:222} INFO - ::endgroup::
